This is pdfTeX, Version 3.141592653-2.6-1.40.22 (TeX Live 2022/dev/Debian) (preloaded format=pdflatex 2022.5.6)  6 DEC 2022 17:11
entering extended mode
 restricted \write18 enabled.
 %&-line parsing enabled.
**articulo.tex
(./articulo.tex
LaTeX2e <2021-11-15> patch level 1
L3 programming layer <2022-01-21>
(/usr/share/texlive/texmf-dist/tex/latex/base/article.cls
Document Class: article 2021/10/04 v1.4n Standard LaTeX document class
(/usr/share/texlive/texmf-dist/tex/latex/base/size10.clo
File: size10.clo 2021/10/04 v1.4n Standard LaTeX file (size option)
)
\c@part=\count185
\c@section=\count186
\c@subsection=\count187
\c@subsubsection=\count188
\c@paragraph=\count189
\c@subparagraph=\count190
\c@figure=\count191
\c@table=\count192
\abovecaptionskip=\skip47
\belowcaptionskip=\skip48
\bibindent=\dimen138
)
(/usr/share/texlive/texmf-dist/tex/generic/babel/babel.sty
Package: babel 2022/01/26 3.70 The Babel package
\babel@savecnt=\count193
\U@D=\dimen139
\l@unhyphenated=\language87

(/usr/share/texlive/texmf-dist/tex/generic/babel/txtbabel.def)
\bbl@readstream=\read2
\bbl@dirlevel=\count194

(/usr/share/texlive/texmf-dist/tex/generic/babel-spanish/spanish.ldf
Language: spanish.ldf 2021/05/27 v5.0q Spanish support from the babel system
\es@quottoks=\toks16
\es@quotdepth=\count195
Package babel Info: Making " an active character on input line 570.
Package babel Info: Making . an active character on input line 675.
Package babel Info: Making < an active character on input line 722.
Package babel Info: Making > an active character on input line 722.
))
(/usr/share/texlive/texmf-dist/tex/latex/base/inputenc.sty
Package: inputenc 2021/02/14 v1.3d Input encoding file
\inpenc@prehook=\toks17
\inpenc@posthook=\toks18
)
(/usr/share/texlive/texmf-dist/tex/latex/amsfonts/amssymb.sty
Package: amssymb 2013/01/14 v3.01 AMS font symbols

(/usr/share/texlive/texmf-dist/tex/latex/amsfonts/amsfonts.sty
Package: amsfonts 2013/01/14 v3.01 Basic AMSFonts support
\@emptytoks=\toks19
\symAMSa=\mathgroup4
\symAMSb=\mathgroup5
LaTeX Font Info:    Redeclaring math symbol \hbar on input line 98.
LaTeX Font Info:    Overwriting math alphabet `\mathfrak' in version `bold'
(Font)                  U/euf/m/n --> U/euf/b/n on input line 106.
))
(/usr/share/texlive/texmf-dist/tex/latex/amsmath/amsmath.sty
Package: amsmath 2021/10/15 v2.17l AMS math features
\@mathmargin=\skip49

For additional information on amsmath, use the `?' option.
(/usr/share/texlive/texmf-dist/tex/latex/amsmath/amstext.sty
Package: amstext 2021/08/26 v2.01 AMS text

(/usr/share/texlive/texmf-dist/tex/latex/amsmath/amsgen.sty
File: amsgen.sty 1999/11/30 v2.0 generic functions
\@emptytoks=\toks20
\ex@=\dimen140
))
(/usr/share/texlive/texmf-dist/tex/latex/amsmath/amsbsy.sty
Package: amsbsy 1999/11/29 v1.2d Bold Symbols
\pmbraise@=\dimen141
)
(/usr/share/texlive/texmf-dist/tex/latex/amsmath/amsopn.sty
Package: amsopn 2021/08/26 v2.02 operator names
)
\inf@bad=\count196
LaTeX Info: Redefining \frac on input line 234.
\uproot@=\count197
\leftroot@=\count198
LaTeX Info: Redefining \overline on input line 399.
\classnum@=\count199
\DOTSCASE@=\count266
LaTeX Info: Redefining \ldots on input line 496.
LaTeX Info: Redefining \dots on input line 499.
LaTeX Info: Redefining \cdots on input line 620.
\Mathstrutbox@=\box50
\strutbox@=\box51
\big@size=\dimen142
LaTeX Font Info:    Redeclaring font encoding OML on input line 743.
LaTeX Font Info:    Redeclaring font encoding OMS on input line 744.
\macc@depth=\count267
\c@MaxMatrixCols=\count268
\dotsspace@=\muskip16
\c@parentequation=\count269
\dspbrk@lvl=\count270
\tag@help=\toks21
\row@=\count271
\column@=\count272
\maxfields@=\count273
\andhelp@=\toks22
\eqnshift@=\dimen143
\alignsep@=\dimen144
\tagshift@=\dimen145
\tagwidth@=\dimen146
\totwidth@=\dimen147
\lineht@=\dimen148
\@envbody=\toks23
\multlinegap=\skip50
\multlinetaggap=\skip51
\mathdisplay@stack=\toks24
LaTeX Info: Redefining \[ on input line 2938.
LaTeX Info: Redefining \] on input line 2939.
)
(/usr/share/texlive/texmf-dist/tex/latex/wasysym/wasysym.sty
Package: wasysym 2020/01/19 v2.4 Wasy-2 symbol support package
\symwasy=\mathgroup6
LaTeX Font Info:    Overwriting symbol font `wasy' in version `bold'
(Font)                  U/wasy/m/n --> U/wasy/b/n on input line 93.
)
(/usr/share/texlive/texmf-dist/tex/latex/multirow/multirow.sty
Package: multirow 2021/03/15 v2.8 Span multiple rows of a table
\multirow@colwidth=\skip52
\multirow@cntb=\count274
\multirow@dima=\skip53
\bigstrutjot=\dimen149
)
(/usr/share/texlive/texmf-dist/tex/latex/graphics/graphicx.sty
Package: graphicx 2021/09/16 v1.2d Enhanced LaTeX Graphics (DPC,SPQR)

(/usr/share/texlive/texmf-dist/tex/latex/graphics/keyval.sty
Package: keyval 2014/10/28 v1.15 key=value parser (DPC)
\KV@toks@=\toks25
)
(/usr/share/texlive/texmf-dist/tex/latex/graphics/graphics.sty
Package: graphics 2021/03/04 v1.4d Standard LaTeX Graphics (DPC,SPQR)

(/usr/share/texlive/texmf-dist/tex/latex/graphics/trig.sty
Package: trig 2021/08/11 v1.11 sin cos tan (DPC)
)
(/usr/share/texlive/texmf-dist/tex/latex/graphics-cfg/graphics.cfg
File: graphics.cfg 2016/06/04 v1.11 sample graphics configuration
)
Package graphics Info: Driver file: pdftex.def on input line 107.

(/usr/share/texlive/texmf-dist/tex/latex/graphics-def/pdftex.def
File: pdftex.def 2020/10/05 v1.2a Graphics/color driver for pdftex
))
\Gin@req@height=\dimen150
\Gin@req@width=\dimen151
)
(/usr/share/texlive/texmf-dist/tex/latex/listings/listings.sty
\lst@mode=\count275
\lst@gtempboxa=\box52
\lst@token=\toks26
\lst@length=\count276
\lst@currlwidth=\dimen152
\lst@column=\count277
\lst@pos=\count278
\lst@lostspace=\dimen153
\lst@width=\dimen154
\lst@newlines=\count279
\lst@lineno=\count280
\lst@maxwidth=\dimen155

(/usr/share/texlive/texmf-dist/tex/latex/listings/lstmisc.sty
File: lstmisc.sty 2020/03/24 1.8d (Carsten Heinz)
\c@lstnumber=\count281
\lst@skipnumbers=\count282
\lst@framebox=\box53
)
(/usr/share/texlive/texmf-dist/tex/latex/listings/listings.cfg
File: listings.cfg 2020/03/24 1.8d listings configuration
))
Package: listings 2020/03/24 1.8d (Carsten Heinz)

(/usr/share/texlive/texmf-dist/tex/latex/algorithm2e/algorithm2e.sty
Package: algorithm2e 2017/07/18 v5.2 algorithms environments
\c@AlgoLine=\count283

(/usr/share/texlive/texmf-dist/tex/latex/base/ifthen.sty
Package: ifthen 2020/11/24 v1.1c Standard LaTeX ifthen package (DPC)
)
\algocf@hangindent=\skip54

(/usr/share/texlive/texmf-dist/tex/latex/ifoddpage/ifoddpage.sty
Package: ifoddpage 2016/04/23 v1.1 Conditionals for odd/even page detection
\c@checkoddpage=\count284
)
(/usr/share/texlive/texmf-dist/tex/latex/tools/xspace.sty
Package: xspace 2014/10/28 v1.13 Space after command names (DPC,MH)
)
(/usr/share/texlive/texmf-dist/tex/latex/relsize/relsize.sty
Package: relsize 2013/03/29 ver 4.1
)
\skiptotal=\skip55
\skiplinenumber=\skip56
\skiprule=\skip57
\skiphlne=\skip58
\skiptext=\skip59
\skiplength=\skip60
\algomargin=\skip61
\skipalgocfslide=\skip62
\algowidth=\dimen156
\inoutsize=\dimen157
\inoutindent=\dimen158
\interspacetitleruled=\dimen159
\interspacealgoruled=\dimen160
\interspacetitleboxruled=\dimen161
\algocf@ruledwidth=\skip63
\algocf@inoutbox=\box54
\algocf@inputbox=\box55
\AlCapSkip=\skip64
\AlCapHSkip=\skip65
\algoskipindent=\skip66
\algocf@nlbox=\box56
\algocf@hangingbox=\box57
\algocf@untilbox=\box58
\algocf@skipuntil=\skip67
\algocf@capbox=\box59
\algocf@lcaptionbox=\skip68
\algoheightruledefault=\skip69
\algoheightrule=\skip70
\algotitleheightruledefault=\skip71
\algotitleheightrule=\skip72
\c@algocfline=\count285
\c@algocfproc=\count286
\c@algocf=\count287
\algocf@algoframe=\box60
\algocf@algobox=\box61
)
(/usr/share/texlive/texmf-dist/tex/latex/l3backend/l3backend-pdftex.def
File: l3backend-pdftex.def 2022-01-12 L3 backend support: PDF output (pdfTeX)
\l__color_backend_stack_int=\count288
\l__pdf_internal_box=\box62
)
(./articulo.aux
LaTeX Info: Redefining \. on input line 10.
LaTeX Info: Redefining \% on input line 10.
)
\openout1 = `articulo.aux'.

LaTeX Font Info:    Checking defaults for OML/cmm/m/it on input line 12.
LaTeX Font Info:    ... okay on input line 12.
LaTeX Font Info:    Checking defaults for OMS/cmsy/m/n on input line 12.
LaTeX Font Info:    ... okay on input line 12.
LaTeX Font Info:    Checking defaults for OT1/cmr/m/n on input line 12.
LaTeX Font Info:    ... okay on input line 12.
LaTeX Font Info:    Checking defaults for T1/cmr/m/n on input line 12.
LaTeX Font Info:    ... okay on input line 12.
LaTeX Font Info:    Checking defaults for TS1/cmr/m/n on input line 12.
LaTeX Font Info:    ... okay on input line 12.
LaTeX Font Info:    Checking defaults for OMX/cmex/m/n on input line 12.
LaTeX Font Info:    ... okay on input line 12.
LaTeX Font Info:    Checking defaults for U/cmr/m/n on input line 12.
LaTeX Font Info:    ... okay on input line 12.
LaTeX Info: Redefining \. on input line 12.
LaTeX Info: Redefining \% on input line 12.

(/usr/share/texlive/texmf-dist/tex/context/base/mkii/supp-pdf.mkii
[Loading MPS to PDF converter (version 2006.09.02).]
\scratchcounter=\count289
\scratchdimen=\dimen162
\scratchbox=\box63
\nofMPsegments=\count290
\nofMParguments=\count291
\everyMPshowfont=\toks27
\MPscratchCnt=\count292
\MPscratchDim=\dimen163
\MPnumerator=\count293
\makeMPintoPDFobject=\count294
\everyMPtoPDFconversion=\toks28
) (/usr/share/texlive/texmf-dist/tex/latex/epstopdf-pkg/epstopdf-base.sty
Package: epstopdf-base 2020-01-24 v2.11 Base part for package epstopdf
Package epstopdf-base Info: Redefining graphics rule for `.eps' on input line 4
85.

(/usr/share/texlive/texmf-dist/tex/latex/latexconfig/epstopdf-sys.cfg
File: epstopdf-sys.cfg 2010/07/13 v1.3 Configuration of (r)epstopdf for TeX Liv
e
))
\c@lstlisting=\count295
LaTeX Font Info:    Trying to load font information for U+msa on input line 13.


(/usr/share/texlive/texmf-dist/tex/latex/amsfonts/umsa.fd
File: umsa.fd 2013/01/14 v3.01 AMS symbols A
)
LaTeX Font Info:    Trying to load font information for U+msb on input line 13.


(/usr/share/texlive/texmf-dist/tex/latex/amsfonts/umsb.fd
File: umsb.fd 2013/01/14 v3.01 AMS symbols B
)
LaTeX Font Info:    Trying to load font information for U+wasy on input line 13
.

(/usr/share/texlive/texmf-dist/tex/latex/wasysym/uwasy.fd
File: uwasy.fd 2020/01/19 v2.4 Wasy-2 symbol font definitions
) [1

{/var/lib/texmf/fonts/map/pdftex/updmap/pdftex.map}] [2]
Overfull \hbox (16.86758pt too wide) in paragraph at lines 82--83
\OT1/cmr/m/n/10 es ne-ce-sa-rio pa-ra se-pa-rar los par^^Same-tros de una fun-c
i^^Son. La fun-ci^^Son \OT1/cmtt/m/n/10 separaTerminos
 []


Overfull \hbox (32.9967pt too wide) in paragraph at lines 92--92
[]\OT1/cmtt/m/n/10 separaTerminos ('v':cs) = ('v':[(head cs)]) : (separaTermino
s (tail cs))[] 
 []


Overfull \hbox (32.9967pt too wide) in paragraph at lines 92--92
[]\OT1/cmtt/m/n/10 separaTerminos ('c':cs) = ('c':[(head cs)]) : (separaTermino
s (tail cs))[] 
 []


Overfull \hbox (11.99689pt too wide) in paragraph at lines 92--92
[]    \OT1/cmtt/m/n/10 in [("f"++[(head cs)]++(fst par))] ++ (separaTerminos (s
nd par))[] 
 []

[3]
Overfull \hbox (0.74712pt too wide) in paragraph at lines 126--127
[]\OT1/cmtt/m/n/10 data Form = Top | Bot | Pred String [Term] | Eq Term Term | 
Neg
 []


Overfull \hbox (17.24684pt too wide) in paragraph at lines 126--127
\OT1/cmtt/m/n/10 Form | Or Form Form | And Form Form | Impl Form Form | Syss Fo
rm Form
 []


Underfull \hbox (badness 10000) in paragraph at lines 142--146

 []

[4]
Overfull \hbox (43.49661pt too wide) in paragraph at lines 169--169
[]    \OT1/cmtt/m/n/10 | esCuantif x = ("cuantificador", [x,head xs]) : (tokeni
zer (tail xs))[] 
 []


Overfull \hbox (27.74675pt too wide) in paragraph at lines 169--169
[]                  \OT1/cmtt/m/n/10 in ("predicado", x:(fst par)) : (tokenizer
 (snd par))[] 
 []

[5]
Overfull \hbox (108.59473pt too wide) in paragraph at lines 214--214
[]\OT1/cmtt/m/n/9 infApostCola :: [(String,String)] -> [(String,String)] -> [(S
tring,String)] -> [(String,String)][] 
 []


Overfull \hbox (18.82077pt too wide) in paragraph at lines 214--214
[]\OT1/cmtt/m/n/9 infApostCola (("(","("):xs) p exprSal = infApostCola xs (("("
,"("):p) exprSal[] 
 []

LaTeX Font Info:    Trying to load font information for TS1+cmtt on input line 
214.
(/usr/share/texlive/texmf-dist/tex/latex/base/ts1cmtt.fd
File: ts1cmtt.fd 2019/12/16 v2.5j Standard LaTeX font definitions
)
Overfull \hbox (28.26846pt too wide) in paragraph at lines 214--214
[]\OT1/cmtt/m/n/9 infApostCola ((con, "\TS1/cmtt/m/n/9 ¬\OT1/cmtt/m/n/9 "):xs) 
p exprSal = infApostCola xs ((con, "\TS1/cmtt/m/n/9 ¬\OT1/cmtt/m/n/9 "):p) expr
Sal[] 
 []


Overfull \hbox (122.76956pt too wide) in paragraph at lines 214--214
[]\OT1/cmtt/m/n/9 infApostCola (("cuantificador", q):xs) p exprSal = infApostCo
la xs (("cuantificador", q):p) exprSal[] 
 []


Underfull \hbox (badness 10000) in paragraph at lines 231--237

 []

[6]
Underfull \hbox (badness 10000) in paragraph at lines 239--242

 []


Overfull \hbox (11.99689pt too wide) in paragraph at lines 265--265
[]    \OT1/cmtt/m/n/10 else let listaTerm = parseTermComas (tail $ tail $ init 
(snd x))[] 
 []

[7]
Overfull \hbox (16.49698pt too wide) in paragraph at lines 300--301
[]\OT1/cmtt/m/n/10 data Term = Bvar String | Fvar String | Abs String Term | Ap
p Term
 []

[8]
Overfull \hbox (0.74712pt too wide) in paragraph at lines 332--333
[]\OT1/cmtt/m/n/10 data Term = Bvar Int | Fvar String | Abs String Term | App T
erm
 []


Overfull \hbox (21.74693pt too wide) in paragraph at lines 348--349
[]\OT1/cmtt/m/n/10 data TermLNR = Bvar Integer | Fvar String | FunLNR String [T
ermLNR] 
 []


Overfull \hbox (11.24702pt too wide) in paragraph at lines 350--351
[]\OT1/cmtt/m/n/10 data FormLNR = TopLNR | BotLNR | PredLNR String [TermLNR] | 
EqLNR
 []


Overfull \hbox (38.24666pt too wide) in paragraph at lines 350--351
\OT1/cmtt/m/n/10 TermLNR TermLNR | NegLNR FormLNR | OrLNR FormLNR FormLNR | And
LNR FormLNR
 []


Overfull \hbox (27.74675pt too wide) in paragraph at lines 350--351
\OT1/cmtt/m/n/10 FormLNR | ImplLNR FormLNR FormLNR | SyssLNR FormLNR FormLNR | 
ForallLNR
 []

[9]
Overfull \hbox (32.9956pt too wide) in paragraph at lines 372--372
[]\OT1/cmtt/m/n/9 transTermLNR (Fun f terms) env = FunLNR f (map (\t -> transTe
rmLNR t env) terms)[] 
 []


Overfull \hbox (18.82077pt too wide) in paragraph at lines 396--396
[]\OT1/cmtt/m/n/9 transFormLNR' (Pred p lt) env = PredLNR p (map (\t -> transTe
rmLNR t env) lt)[] 
 []


Overfull \hbox (32.9956pt too wide) in paragraph at lines 396--396
[]\OT1/cmtt/m/n/9 transFormLNR' (Eq t1 t2) env = EqLNR (transTermLNR t1 env) (t
ransTermLNR t1 env)[] 
 []


Overfull \hbox (42.4455pt too wide) in paragraph at lines 396--396
[]\OT1/cmtt/m/n/9 transFormLNR' (Or f1 f2) env = OrLNR (transFormLNR' f1 env) (
transFormLNR' f2 env)[] 
 []


Overfull \hbox (51.89539pt too wide) in paragraph at lines 396--396
[]\OT1/cmtt/m/n/9 transFormLNR' (And f1 f2) env = AndLNR (transFormLNR' f1 env)
 (transFormLNR' f2 env)[] 
 []


Overfull \hbox (61.34528pt too wide) in paragraph at lines 396--396
[]\OT1/cmtt/m/n/9 transFormLNR' (Impl f1 f2) env = ImplLNR (transFormLNR' f1 en
v) (transFormLNR' f2 env)[] 
 []


Overfull \hbox (61.34528pt too wide) in paragraph at lines 396--396
[]\OT1/cmtt/m/n/9 transFormLNR' (Syss f1 f2) env = SyssLNR (transFormLNR' f1 en
v) (transFormLNR' f2 env)[] 
 []

[10]
Overfull \hbox (4.93568pt too wide) in paragraph at lines 405--406
\OT1/cmr/m/n/10 nes con f^^Sormu-las, pues ya no ten-go que ha-cer ve-ri-fi-ca-
cio-nes so-bre $\OML/cmm/m/it/10 \OMS/cmsy/m/n/10 ^^@$\OT1/cmr/m/n/10 equivale
ncias.
 []

[11] [12] (./articulo.aux
LaTeX Info: Redefining \. on input line 10.
LaTeX Info: Redefining \% on input line 10.
) ) 
Here is how much of TeX's memory you used:
 6870 strings out of 478287
 105605 string characters out of 5849290
 429445 words of memory out of 5000000
 24996 multiletter control sequences out of 15000+600000
 480312 words of font info for 72 fonts, out of 8000000 for 9000
 1141 hyphenation exceptions out of 8191
 55i,8n,62p,600b,363s stack positions out of 5000i,500n,10000p,200000b,80000s
{/usr/share/texmf/fonts/enc/dvips/cm-super/cm-super-ts1.enc}</usr/share/texl
ive/texmf-dist/fonts/type1/public/amsfonts/cm/cmbx10.pfb></usr/share/texlive/te
xmf-dist/fonts/type1/public/amsfonts/cm/cmbx12.pfb></usr/share/texlive/texmf-di
st/fonts/type1/public/amsfonts/cm/cmcsc10.pfb></usr/share/texlive/texmf-dist/fo
nts/type1/public/amsfonts/cm/cmmi10.pfb></usr/share/texlive/texmf-dist/fonts/ty
pe1/public/amsfonts/cm/cmmi7.pfb></usr/share/texlive/texmf-dist/fonts/type1/pub
lic/amsfonts/cm/cmr10.pfb></usr/share/texlive/texmf-dist/fonts/type1/public/ams
fonts/cm/cmr12.pfb></usr/share/texlive/texmf-dist/fonts/type1/public/amsfonts/c
m/cmr17.pfb></usr/share/texlive/texmf-dist/fonts/type1/public/amsfonts/cm/cmr6.
pfb></usr/share/texlive/texmf-dist/fonts/type1/public/amsfonts/cm/cmr7.pfb></us
r/share/texlive/texmf-dist/fonts/type1/public/amsfonts/cm/cmr8.pfb></usr/share/
texlive/texmf-dist/fonts/type1/public/amsfonts/cm/cmsy10.pfb></usr/share/texliv
e/texmf-dist/fonts/type1/public/amsfonts/cm/cmti10.pfb></usr/share/texlive/texm
f-dist/fonts/type1/public/amsfonts/cm/cmtt10.pfb></usr/share/texlive/texmf-dist
/fonts/type1/public/amsfonts/cm/cmtt9.pfb></usr/share/texmf/fonts/type1/public/
cm-super/sftt0900.pfb></usr/share/texmf/fonts/type1/public/cm-super/sftt1000.pf
b>
Output written on articulo.pdf (12 pages, 234188 bytes).
PDF statistics:
 129 PDF objects out of 1000 (max. 8388607)
 80 compressed objects within 1 object stream
 0 named destinations out of 1000 (max. 500000)
 1 words of extra memory for PDF output out of 10000 (max. 10000000)

