This is pdfTeX, Version 3.141592653-2.6-1.40.22 (TeX Live 2022/dev/Debian) (preloaded format=pdflatex 2022.5.6)  26 OCT 2022 23:42
entering extended mode
 restricted \write18 enabled.
 %&-line parsing enabled.
**Tarea4_DAA.tex
(./Tarea4_DAA.tex
LaTeX2e <2021-11-15> patch level 1
L3 programming layer <2022-01-21>
(/usr/share/texlive/texmf-dist/tex/latex/base/article.cls
Document Class: article 2021/10/04 v1.4n Standard LaTeX document class
(/usr/share/texlive/texmf-dist/tex/latex/base/size10.clo
File: size10.clo 2021/10/04 v1.4n Standard LaTeX file (size option)
)
\c@part=\count185
\c@section=\count186
\c@subsection=\count187
\c@subsubsection=\count188
\c@paragraph=\count189
\c@subparagraph=\count190
\c@figure=\count191
\c@table=\count192
\abovecaptionskip=\skip47
\belowcaptionskip=\skip48
\bibindent=\dimen138
)
(/usr/share/texlive/texmf-dist/tex/generic/babel/babel.sty
Package: babel 2022/01/26 3.70 The Babel package
\babel@savecnt=\count193
\U@D=\dimen139
\l@unhyphenated=\language87

(/usr/share/texlive/texmf-dist/tex/generic/babel/txtbabel.def)
\bbl@readstream=\read2
\bbl@dirlevel=\count194

(/usr/share/texlive/texmf-dist/tex/generic/babel-spanish/spanish.ldf
Language: spanish.ldf 2021/05/27 v5.0q Spanish support from the babel system
\es@quottoks=\toks16
\es@quotdepth=\count195
Package babel Info: Making " an active character on input line 570.
Package babel Info: Making . an active character on input line 675.
Package babel Info: Making < an active character on input line 722.
Package babel Info: Making > an active character on input line 722.
))
(/usr/share/texlive/texmf-dist/tex/latex/base/inputenc.sty
Package: inputenc 2021/02/14 v1.3d Input encoding file
\inpenc@prehook=\toks17
\inpenc@posthook=\toks18
)
(/usr/share/texlive/texmf-dist/tex/latex/amsfonts/amssymb.sty
Package: amssymb 2013/01/14 v3.01 AMS font symbols

(/usr/share/texlive/texmf-dist/tex/latex/amsfonts/amsfonts.sty
Package: amsfonts 2013/01/14 v3.01 Basic AMSFonts support
\@emptytoks=\toks19
\symAMSa=\mathgroup4
\symAMSb=\mathgroup5
LaTeX Font Info:    Redeclaring math symbol \hbar on input line 98.
LaTeX Font Info:    Overwriting math alphabet `\mathfrak' in version `bold'
(Font)                  U/euf/m/n --> U/euf/b/n on input line 106.
))
(/usr/share/texlive/texmf-dist/tex/latex/amsmath/amsmath.sty
Package: amsmath 2021/10/15 v2.17l AMS math features
\@mathmargin=\skip49

For additional information on amsmath, use the `?' option.
(/usr/share/texlive/texmf-dist/tex/latex/amsmath/amstext.sty
Package: amstext 2021/08/26 v2.01 AMS text

(/usr/share/texlive/texmf-dist/tex/latex/amsmath/amsgen.sty
File: amsgen.sty 1999/11/30 v2.0 generic functions
\@emptytoks=\toks20
\ex@=\dimen140
))
(/usr/share/texlive/texmf-dist/tex/latex/amsmath/amsbsy.sty
Package: amsbsy 1999/11/29 v1.2d Bold Symbols
\pmbraise@=\dimen141
)
(/usr/share/texlive/texmf-dist/tex/latex/amsmath/amsopn.sty
Package: amsopn 2021/08/26 v2.02 operator names
)
\inf@bad=\count196
LaTeX Info: Redefining \frac on input line 234.
\uproot@=\count197
\leftroot@=\count198
LaTeX Info: Redefining \overline on input line 399.
\classnum@=\count199
\DOTSCASE@=\count266
LaTeX Info: Redefining \ldots on input line 496.
LaTeX Info: Redefining \dots on input line 499.
LaTeX Info: Redefining \cdots on input line 620.
\Mathstrutbox@=\box50
\strutbox@=\box51
\big@size=\dimen142
LaTeX Font Info:    Redeclaring font encoding OML on input line 743.
LaTeX Font Info:    Redeclaring font encoding OMS on input line 744.
\macc@depth=\count267
\c@MaxMatrixCols=\count268
\dotsspace@=\muskip16
\c@parentequation=\count269
\dspbrk@lvl=\count270
\tag@help=\toks21
\row@=\count271
\column@=\count272
\maxfields@=\count273
\andhelp@=\toks22
\eqnshift@=\dimen143
\alignsep@=\dimen144
\tagshift@=\dimen145
\tagwidth@=\dimen146
\totwidth@=\dimen147
\lineht@=\dimen148
\@envbody=\toks23
\multlinegap=\skip50
\multlinetaggap=\skip51
\mathdisplay@stack=\toks24
LaTeX Info: Redefining \[ on input line 2938.
LaTeX Info: Redefining \] on input line 2939.
)
(/usr/share/texlive/texmf-dist/tex/latex/wasysym/wasysym.sty
Package: wasysym 2020/01/19 v2.4 Wasy-2 symbol support package
\symwasy=\mathgroup6
LaTeX Font Info:    Overwriting symbol font `wasy' in version `bold'
(Font)                  U/wasy/m/n --> U/wasy/b/n on input line 93.
)
(/usr/share/texlive/texmf-dist/tex/latex/multirow/multirow.sty
Package: multirow 2021/03/15 v2.8 Span multiple rows of a table
\multirow@colwidth=\skip52
\multirow@cntb=\count274
\multirow@dima=\skip53
\bigstrutjot=\dimen149
)
(/usr/share/texlive/texmf-dist/tex/latex/graphics/graphicx.sty
Package: graphicx 2021/09/16 v1.2d Enhanced LaTeX Graphics (DPC,SPQR)

(/usr/share/texlive/texmf-dist/tex/latex/graphics/keyval.sty
Package: keyval 2014/10/28 v1.15 key=value parser (DPC)
\KV@toks@=\toks25
)
(/usr/share/texlive/texmf-dist/tex/latex/graphics/graphics.sty
Package: graphics 2021/03/04 v1.4d Standard LaTeX Graphics (DPC,SPQR)

(/usr/share/texlive/texmf-dist/tex/latex/graphics/trig.sty
Package: trig 2021/08/11 v1.11 sin cos tan (DPC)
)
(/usr/share/texlive/texmf-dist/tex/latex/graphics-cfg/graphics.cfg
File: graphics.cfg 2016/06/04 v1.11 sample graphics configuration
)
Package graphics Info: Driver file: pdftex.def on input line 107.

(/usr/share/texlive/texmf-dist/tex/latex/graphics-def/pdftex.def
File: pdftex.def 2020/10/05 v1.2a Graphics/color driver for pdftex
))
\Gin@req@height=\dimen150
\Gin@req@width=\dimen151
)
(/usr/share/texlive/texmf-dist/tex/latex/algorithm2e/algorithm2e.sty
Package: algorithm2e 2017/07/18 v5.2 algorithms environments
\c@AlgoLine=\count275

(/usr/share/texlive/texmf-dist/tex/latex/base/ifthen.sty
Package: ifthen 2020/11/24 v1.1c Standard LaTeX ifthen package (DPC)
)
\algocf@hangindent=\skip54

(/usr/share/texlive/texmf-dist/tex/latex/ifoddpage/ifoddpage.sty
Package: ifoddpage 2016/04/23 v1.1 Conditionals for odd/even page detection
\c@checkoddpage=\count276
)
(/usr/share/texlive/texmf-dist/tex/latex/tools/xspace.sty
Package: xspace 2014/10/28 v1.13 Space after command names (DPC,MH)
)
(/usr/share/texlive/texmf-dist/tex/latex/relsize/relsize.sty
Package: relsize 2013/03/29 ver 4.1
)
\skiptotal=\skip55
\skiplinenumber=\skip56
\skiprule=\skip57
\skiphlne=\skip58
\skiptext=\skip59
\skiplength=\skip60
\algomargin=\skip61
\skipalgocfslide=\skip62
\algowidth=\dimen152
\inoutsize=\dimen153
\inoutindent=\dimen154
\interspacetitleruled=\dimen155
\interspacealgoruled=\dimen156
\interspacetitleboxruled=\dimen157
\algocf@ruledwidth=\skip63
\algocf@inoutbox=\box52
\algocf@inputbox=\box53
\AlCapSkip=\skip64
\AlCapHSkip=\skip65
\algoskipindent=\skip66
\algocf@nlbox=\box54
\algocf@hangingbox=\box55
\algocf@untilbox=\box56
\algocf@skipuntil=\skip67
\algocf@capbox=\box57
\algocf@lcaptionbox=\skip68
\algoheightruledefault=\skip69
\algoheightrule=\skip70
\algotitleheightruledefault=\skip71
\algotitleheightrule=\skip72
\c@algocfline=\count277
\c@algocfproc=\count278
\c@algocf=\count279
\algocf@algoframe=\box58
\algocf@algobox=\box59
)
(/usr/share/texlive/texmf-dist/tex/latex/l3backend/l3backend-pdftex.def
File: l3backend-pdftex.def 2022-01-12 L3 backend support: PDF output (pdfTeX)
\l__color_backend_stack_int=\count280
\l__pdf_internal_box=\box60
)
(./Tarea4_DAA.aux
LaTeX Info: Redefining \. on input line 9.
LaTeX Info: Redefining \% on input line 9.
)
\openout1 = `Tarea4_DAA.aux'.

LaTeX Font Info:    Checking defaults for OML/cmm/m/it on input line 11.
LaTeX Font Info:    ... okay on input line 11.
LaTeX Font Info:    Checking defaults for OMS/cmsy/m/n on input line 11.
LaTeX Font Info:    ... okay on input line 11.
LaTeX Font Info:    Checking defaults for OT1/cmr/m/n on input line 11.
LaTeX Font Info:    ... okay on input line 11.
LaTeX Font Info:    Checking defaults for T1/cmr/m/n on input line 11.
LaTeX Font Info:    ... okay on input line 11.
LaTeX Font Info:    Checking defaults for TS1/cmr/m/n on input line 11.
LaTeX Font Info:    ... okay on input line 11.
LaTeX Font Info:    Checking defaults for OMX/cmex/m/n on input line 11.
LaTeX Font Info:    ... okay on input line 11.
LaTeX Font Info:    Checking defaults for U/cmr/m/n on input line 11.
LaTeX Font Info:    ... okay on input line 11.
LaTeX Info: Redefining \. on input line 11.
LaTeX Info: Redefining \% on input line 11.

(/usr/share/texlive/texmf-dist/tex/context/base/mkii/supp-pdf.mkii
[Loading MPS to PDF converter (version 2006.09.02).]
\scratchcounter=\count281
\scratchdimen=\dimen158
\scratchbox=\box61
\nofMPsegments=\count282
\nofMParguments=\count283
\everyMPshowfont=\toks26
\MPscratchCnt=\count284
\MPscratchDim=\dimen159
\MPnumerator=\count285
\makeMPintoPDFobject=\count286
\everyMPtoPDFconversion=\toks27
) (/usr/share/texlive/texmf-dist/tex/latex/epstopdf-pkg/epstopdf-base.sty
Package: epstopdf-base 2020-01-24 v2.11 Base part for package epstopdf
Package epstopdf-base Info: Redefining graphics rule for `.eps' on input line 4
85.

(/usr/share/texlive/texmf-dist/tex/latex/latexconfig/epstopdf-sys.cfg
File: epstopdf-sys.cfg 2010/07/13 v1.3 Configuration of (r)epstopdf for TeX Liv
e
))
LaTeX Font Info:    Trying to load font information for U+msa on input line 12.


(/usr/share/texlive/texmf-dist/tex/latex/amsfonts/umsa.fd
File: umsa.fd 2013/01/14 v3.01 AMS symbols A
)
LaTeX Font Info:    Trying to load font information for U+msb on input line 12.


(/usr/share/texlive/texmf-dist/tex/latex/amsfonts/umsb.fd
File: umsb.fd 2013/01/14 v3.01 AMS symbols B
)
LaTeX Font Info:    Trying to load font information for U+wasy on input line 12
.

(/usr/share/texlive/texmf-dist/tex/latex/wasysym/uwasy.fd
File: uwasy.fd 2020/01/19 v2.4 Wasy-2 symbol font definitions
)
<kruskal/p1.pdf, id=1, 110.71837pt x 108.49904pt>
File: kruskal/p1.pdf Graphic file (type pdf)
<use kruskal/p1.pdf>
Package pdftex.def Info: kruskal/p1.pdf  used on input line 48.
(pdftex.def)             Requested size: 110.71808pt x 108.49876pt.
 [1

{/var/lib/texmf/fonts/map/pdftex/updmap/pdftex.map}]
<kruskal/p2.pdf, id=17, 105.95131pt x 101.25954pt>
File: kruskal/p2.pdf Graphic file (type pdf)
<use kruskal/p2.pdf>
Package pdftex.def Info: kruskal/p2.pdf  used on input line 54.
(pdftex.def)             Requested size: 105.95103pt x 101.25928pt.
<kruskal/p3.pdf, id=18, 105.95131pt x 101.25954pt>
File: kruskal/p3.pdf Graphic file (type pdf)
<use kruskal/p3.pdf>
Package pdftex.def Info: kruskal/p3.pdf  used on input line 56.
(pdftex.def)             Requested size: 105.95103pt x 101.25928pt.
<kruskal/p4.pdf, id=19, 105.95131pt x 101.25954pt>
File: kruskal/p4.pdf Graphic file (type pdf)
<use kruskal/p4.pdf>
Package pdftex.def Info: kruskal/p4.pdf  used on input line 60.
(pdftex.def)             Requested size: 105.95103pt x 101.25928pt.
<kruskal/p5.pdf, id=20, 105.95131pt x 101.25954pt>
File: kruskal/p5.pdf Graphic file (type pdf)
<use kruskal/p5.pdf>
Package pdftex.def Info: kruskal/p5.pdf  used on input line 62.
(pdftex.def)             Requested size: 105.95103pt x 101.25928pt.
<kruskal/p6.pdf, id=21, 104.44568pt x 101.25954pt>
File: kruskal/p6.pdf Graphic file (type pdf)
<use kruskal/p6.pdf>
Package pdftex.def Info: kruskal/p6.pdf  used on input line 66.
(pdftex.def)             Requested size: 104.4454pt x 101.25928pt.
<kruskal/p7.pdf, id=22, 105.95131pt x 101.25954pt>
File: kruskal/p7.pdf Graphic file (type pdf)
<use kruskal/p7.pdf>
Package pdftex.def Info: kruskal/p7.pdf  used on input line 68.
(pdftex.def)             Requested size: 105.95103pt x 101.25928pt.
<kruskal/p8.pdf, id=23, 104.44568pt x 101.25954pt>
File: kruskal/p8.pdf Graphic file (type pdf)
<use kruskal/p8.pdf>
Package pdftex.def Info: kruskal/p8.pdf  used on input line 72.
(pdftex.def)             Requested size: 104.4454pt x 101.25928pt.
<kruskal/p9.pdf, id=24, 101.46454pt x 101.25954pt>
File: kruskal/p9.pdf Graphic file (type pdf)
<use kruskal/p9.pdf>
Package pdftex.def Info: kruskal/p9.pdf  used on input line 74.
(pdftex.def)             Requested size: 101.46428pt x 101.25928pt.
 [2 <./kruskal/p1.pdf> <./kruskal/p2.pdf

pdfTeX warning: pdflatex (file ./kruskal/p2.pdf): PDF inclusion: multiple pdfs 
with page group included in a single page
> <./kruskal/p3.pdf

pdfTeX warning: pdflatex (file ./kruskal/p3.pdf): PDF inclusion: multiple pdfs 
with page group included in a single page
> <./kruskal/p4.pdf

pdfTeX warning: pdflatex (file ./kruskal/p4.pdf): PDF inclusion: multiple pdfs 
with page group included in a single page
> <./kruskal/p5.pdf

pdfTeX warning: pdflatex (file ./kruskal/p5.pdf): PDF inclusion: multiple pdfs 
with page group included in a single page
> <./kruskal/p6.pdf

pdfTeX warning: pdflatex (file ./kruskal/p6.pdf): PDF inclusion: multiple pdfs 
with page group included in a single page
> <./kruskal/p7.pdf

pdfTeX warning: pdflatex (file ./kruskal/p7.pdf): PDF inclusion: multiple pdfs 
with page group included in a single page
>] [3 <./kruskal/p8.pdf> <./kruskal/p9.pdf

pdfTeX warning: pdflatex (file ./kruskal/p9.pdf): PDF inclusion: multiple pdfs 
with page group included in a single page
>]

LaTeX Font Warning: Font shape `OT1/cmr/m/scit' undefined
(Font)              using `OT1/cmr/m/sc' instead on input line 130.

[4]
<bottleneck/g1.pdf, id=89, 246.45854pt x 222.25772pt>
File: bottleneck/g1.pdf Graphic file (type pdf)
<use bottleneck/g1.pdf>
Package pdftex.def Info: bottleneck/g1.pdf  used on input line 142.
(pdftex.def)             Requested size: 147.87625pt x 133.35564pt.
<bottleneck/l1.pdf, id=90, 157.95346pt x 137.04764pt>
File: bottleneck/l1.pdf Graphic file (type pdf)
<use bottleneck/l1.pdf>
Package pdftex.def Info: bottleneck/l1.pdf  used on input line 144.
(pdftex.def)             Requested size: 142.15678pt x 123.34172pt.
<bottleneck/g2.pdf, id=91, 246.45854pt x 222.25772pt>
File: bottleneck/g2.pdf Graphic file (type pdf)
<use bottleneck/g2.pdf>
Package pdftex.def Info: bottleneck/g2.pdf  used on input line 148.
(pdftex.def)             Requested size: 147.87625pt x 133.35564pt.
<bottleneck/l2.pdf, id=92, 157.95346pt x 137.04764pt>
File: bottleneck/l2.pdf Graphic file (type pdf)
<use bottleneck/l2.pdf>
Package pdftex.def Info: bottleneck/l2.pdf  used on input line 150.
(pdftex.def)             Requested size: 142.15678pt x 123.34172pt.
<bottleneck/g3.pdf, id=93, 246.45854pt x 222.25772pt>
File: bottleneck/g3.pdf Graphic file (type pdf)
<use bottleneck/g3.pdf>
Package pdftex.def Info: bottleneck/g3.pdf  used on input line 154.
(pdftex.def)             Requested size: 147.87625pt x 133.35564pt.
<bottleneck/l3.pdf, id=94, 157.95346pt x 137.04764pt>
File: bottleneck/l3.pdf Graphic file (type pdf)
<use bottleneck/l3.pdf>
Package pdftex.def Info: bottleneck/l3.pdf  used on input line 156.
(pdftex.def)             Requested size: 142.15678pt x 123.34172pt.
<bottleneck/g4.pdf, id=95, 246.45854pt x 222.25772pt>
File: bottleneck/g4.pdf Graphic file (type pdf)
<use bottleneck/g4.pdf>
Package pdftex.def Info: bottleneck/g4.pdf  used on input line 160.
(pdftex.def)             Requested size: 147.87625pt x 133.35564pt.
<bottleneck/l4.pdf, id=96, 157.95346pt x 137.04764pt>
File: bottleneck/l4.pdf Graphic file (type pdf)
<use bottleneck/l4.pdf>
Package pdftex.def Info: bottleneck/l4.pdf  used on input line 162.
(pdftex.def)             Requested size: 142.15678pt x 123.34172pt.
 [5 <./bottleneck/g1.pdf> <./bottleneck/l1.pdf

pdfTeX warning: pdflatex (file ./bottleneck/l1.pdf): PDF inclusion: multiple pd
fs with page group included in a single page
> <./bottleneck/g2.pdf

pdfTeX warning: pdflatex (file ./bottleneck/g2.pdf): PDF inclusion: multiple pd
fs with page group included in a single page
> <./bottleneck/l2.pdf

pdfTeX warning: pdflatex (file ./bottleneck/l2.pdf): PDF inclusion: multiple pd
fs with page group included in a single page
> <./bottleneck/g3.pdf

pdfTeX warning: pdflatex (file ./bottleneck/g3.pdf): PDF inclusion: multiple pd
fs with page group included in a single page
> <./bottleneck/l3.pdf

pdfTeX warning: pdflatex (file ./bottleneck/l3.pdf): PDF inclusion: multiple pd
fs with page group included in a single page
>]
<bottleneck/g5.pdf, id=131, 246.45854pt x 222.25772pt>
File: bottleneck/g5.pdf Graphic file (type pdf)
<use bottleneck/g5.pdf>
Package pdftex.def Info: bottleneck/g5.pdf  used on input line 166.
(pdftex.def)             Requested size: 147.87625pt x 133.35564pt.
<bottleneck/l5.pdf, id=132, 157.95346pt x 137.04764pt>
File: bottleneck/l5.pdf Graphic file (type pdf)
<use bottleneck/l5.pdf>
Package pdftex.def Info: bottleneck/l5.pdf  used on input line 168.
(pdftex.def)             Requested size: 142.15678pt x 123.34172pt.
<bottleneck/g6.pdf, id=133, 246.45854pt x 222.25772pt>
File: bottleneck/g6.pdf Graphic file (type pdf)
<use bottleneck/g6.pdf>
Package pdftex.def Info: bottleneck/g6.pdf  used on input line 172.
(pdftex.def)             Requested size: 147.87625pt x 133.35564pt.
<bottleneck/l6.pdf, id=134, 157.95346pt x 137.04764pt>
File: bottleneck/l6.pdf Graphic file (type pdf)
<use bottleneck/l6.pdf>
Package pdftex.def Info: bottleneck/l6.pdf  used on input line 174.
(pdftex.def)             Requested size: 142.15678pt x 123.34172pt.
<bottleneck/g7.pdf, id=135, 246.45854pt x 222.25772pt>
File: bottleneck/g7.pdf Graphic file (type pdf)
<use bottleneck/g7.pdf>
Package pdftex.def Info: bottleneck/g7.pdf  used on input line 178.
(pdftex.def)             Requested size: 147.87625pt x 133.35564pt.
<bottleneck/l7.pdf, id=136, 157.95346pt x 137.04764pt>
File: bottleneck/l7.pdf Graphic file (type pdf)
<use bottleneck/l7.pdf>
Package pdftex.def Info: bottleneck/l7.pdf  used on input line 180.
(pdftex.def)             Requested size: 142.15678pt x 123.34172pt.
 [6 <./bottleneck/g4.pdf> <./bottleneck/l4.pdf

pdfTeX warning: pdflatex (file ./bottleneck/l4.pdf): PDF inclusion: multiple pd
fs with page group included in a single page
> <./bottleneck/g5.pdf

pdfTeX warning: pdflatex (file ./bottleneck/g5.pdf): PDF inclusion: multiple pd
fs with page group included in a single page
> <./bottleneck/l5.pdf

pdfTeX warning: pdflatex (file ./bottleneck/l5.pdf): PDF inclusion: multiple pd
fs with page group included in a single page
> <./bottleneck/g6.pdf

pdfTeX warning: pdflatex (file ./bottleneck/g6.pdf): PDF inclusion: multiple pd
fs with page group included in a single page
> <./bottleneck/l6.pdf

pdfTeX warning: pdflatex (file ./bottleneck/l6.pdf): PDF inclusion: multiple pd
fs with page group included in a single page
>]
<bottleneck/g8.pdf, id=171, 246.45854pt x 222.25772pt>
File: bottleneck/g8.pdf Graphic file (type pdf)
<use bottleneck/g8.pdf>
Package pdftex.def Info: bottleneck/g8.pdf  used on input line 184.
(pdftex.def)             Requested size: 147.87625pt x 133.35564pt.
<bottleneck/l8.pdf, id=172, 157.95346pt x 137.04764pt>
File: bottleneck/l8.pdf Graphic file (type pdf)
<use bottleneck/l8.pdf>
Package pdftex.def Info: bottleneck/l8.pdf  used on input line 186.
(pdftex.def)             Requested size: 142.15678pt x 123.34172pt.
<bottleneck/g9.pdf, id=173, 246.45854pt x 222.25772pt>
File: bottleneck/g9.pdf Graphic file (type pdf)
<use bottleneck/g9.pdf>
Package pdftex.def Info: bottleneck/g9.pdf  used on input line 190.
(pdftex.def)             Requested size: 147.87625pt x 133.35564pt.
<bottleneck/l9.pdf, id=174, 157.95346pt x 137.04764pt>
File: bottleneck/l9.pdf Graphic file (type pdf)
<use bottleneck/l9.pdf>
Package pdftex.def Info: bottleneck/l9.pdf  used on input line 192.
(pdftex.def)             Requested size: 142.15678pt x 123.34172pt.
<bottleneck/g10.pdf, id=175, 246.45854pt x 222.25772pt>
File: bottleneck/g10.pdf Graphic file (type pdf)
<use bottleneck/g10.pdf>
Package pdftex.def Info: bottleneck/g10.pdf  used on input line 196.
(pdftex.def)             Requested size: 147.87625pt x 133.35564pt.
<bottleneck/l10.pdf, id=176, 157.95346pt x 137.04764pt>
File: bottleneck/l10.pdf Graphic file (type pdf)
<use bottleneck/l10.pdf>
Package pdftex.def Info: bottleneck/l10.pdf  used on input line 198.
(pdftex.def)             Requested size: 142.15678pt x 123.34172pt.
 [7 <./bottleneck/g7.pdf> <./bottleneck/l7.pdf

pdfTeX warning: pdflatex (file ./bottleneck/l7.pdf): PDF inclusion: multiple pd
fs with page group included in a single page
> <./bottleneck/g8.pdf

pdfTeX warning: pdflatex (file ./bottleneck/g8.pdf): PDF inclusion: multiple pd
fs with page group included in a single page
> <./bottleneck/l8.pdf

pdfTeX warning: pdflatex (file ./bottleneck/l8.pdf): PDF inclusion: multiple pd
fs with page group included in a single page
> <./bottleneck/g9.pdf

pdfTeX warning: pdflatex (file ./bottleneck/g9.pdf): PDF inclusion: multiple pd
fs with page group included in a single page
> <./bottleneck/l9.pdf

pdfTeX warning: pdflatex (file ./bottleneck/l9.pdf): PDF inclusion: multiple pd
fs with page group included in a single page
>]
<bottleneck/g11.pdf, id=213, 246.45854pt x 222.25772pt>
File: bottleneck/g11.pdf Graphic file (type pdf)
<use bottleneck/g11.pdf>
Package pdftex.def Info: bottleneck/g11.pdf  used on input line 202.
(pdftex.def)             Requested size: 147.87625pt x 133.35564pt.
<bottleneck/l11.pdf, id=214, 157.95346pt x 137.04764pt>
File: bottleneck/l11.pdf Graphic file (type pdf)
<use bottleneck/l11.pdf>
Package pdftex.def Info: bottleneck/l11.pdf  used on input line 204.
(pdftex.def)             Requested size: 142.15678pt x 123.34172pt.
<bottleneck/g12.pdf, id=215, 246.45854pt x 222.25772pt>
File: bottleneck/g12.pdf Graphic file (type pdf)
<use bottleneck/g12.pdf>
Package pdftex.def Info: bottleneck/g12.pdf  used on input line 208.
(pdftex.def)             Requested size: 147.87625pt x 133.35564pt.
<bottleneck/l12.pdf, id=216, 157.95346pt x 137.04764pt>
File: bottleneck/l12.pdf Graphic file (type pdf)
<use bottleneck/l12.pdf>
Package pdftex.def Info: bottleneck/l12.pdf  used on input line 210.
(pdftex.def)             Requested size: 142.15678pt x 123.34172pt.
<bottleneck/g13.pdf, id=217, 246.45854pt x 222.25772pt>
File: bottleneck/g13.pdf Graphic file (type pdf)
<use bottleneck/g13.pdf>
Package pdftex.def Info: bottleneck/g13.pdf  used on input line 214.
(pdftex.def)             Requested size: 147.87625pt x 133.35564pt.
<bottleneck/l13.pdf, id=218, 157.95346pt x 137.04764pt>
File: bottleneck/l13.pdf Graphic file (type pdf)
<use bottleneck/l13.pdf>
Package pdftex.def Info: bottleneck/l13.pdf  used on input line 216.
(pdftex.def)             Requested size: 142.15678pt x 123.34172pt.
 [8 <./bottleneck/g10.pdf> <./bottleneck/l10.pdf

pdfTeX warning: pdflatex (file ./bottleneck/l10.pdf): PDF inclusion: multiple p
dfs with page group included in a single page
> <./bottleneck/g11.pdf

pdfTeX warning: pdflatex (file ./bottleneck/g11.pdf): PDF inclusion: multiple p
dfs with page group included in a single page
> <./bottleneck/l11.pdf

pdfTeX warning: pdflatex (file ./bottleneck/l11.pdf): PDF inclusion: multiple p
dfs with page group included in a single page
> <./bottleneck/g12.pdf

pdfTeX warning: pdflatex (file ./bottleneck/g12.pdf): PDF inclusion: multiple p
dfs with page group included in a single page
> <./bottleneck/l12.pdf

pdfTeX warning: pdflatex (file ./bottleneck/l12.pdf): PDF inclusion: multiple p
dfs with page group included in a single page
>]
<bottleneck/g14.pdf, id=253, 246.45854pt x 222.25772pt>
File: bottleneck/g14.pdf Graphic file (type pdf)
<use bottleneck/g14.pdf>
Package pdftex.def Info: bottleneck/g14.pdf  used on input line 220.
(pdftex.def)             Requested size: 147.87625pt x 133.35564pt.
<bottleneck/l14.pdf, id=254, 157.95346pt x 137.04764pt>
File: bottleneck/l14.pdf Graphic file (type pdf)
<use bottleneck/l14.pdf>
Package pdftex.def Info: bottleneck/l14.pdf  used on input line 222.
(pdftex.def)             Requested size: 142.15678pt x 123.34172pt.
<bottleneck/g15.pdf, id=255, 246.45854pt x 222.25772pt>
File: bottleneck/g15.pdf Graphic file (type pdf)
<use bottleneck/g15.pdf>
Package pdftex.def Info: bottleneck/g15.pdf  used on input line 226.
(pdftex.def)             Requested size: 147.87625pt x 133.35564pt.
<bottleneck/l15.pdf, id=256, 157.95346pt x 137.04764pt>
File: bottleneck/l15.pdf Graphic file (type pdf)
<use bottleneck/l15.pdf>
Package pdftex.def Info: bottleneck/l15.pdf  used on input line 228.
(pdftex.def)             Requested size: 142.15678pt x 123.34172pt.
<bottleneck/g16.pdf, id=257, 246.45854pt x 222.25772pt>
File: bottleneck/g16.pdf Graphic file (type pdf)
<use bottleneck/g16.pdf>
Package pdftex.def Info: bottleneck/g16.pdf  used on input line 232.
(pdftex.def)             Requested size: 147.87625pt x 133.35564pt.
<bottleneck/l16.pdf, id=258, 157.95346pt x 137.04764pt>
File: bottleneck/l16.pdf Graphic file (type pdf)
<use bottleneck/l16.pdf>
Package pdftex.def Info: bottleneck/l16.pdf  used on input line 234.
(pdftex.def)             Requested size: 142.15678pt x 123.34172pt.
 [9 <./bottleneck/g13.pdf> <./bottleneck/l13.pdf

pdfTeX warning: pdflatex (file ./bottleneck/l13.pdf): PDF inclusion: multiple p
dfs with page group included in a single page
> <./bottleneck/g14.pdf

pdfTeX warning: pdflatex (file ./bottleneck/g14.pdf): PDF inclusion: multiple p
dfs with page group included in a single page
> <./bottleneck/l14.pdf

pdfTeX warning: pdflatex (file ./bottleneck/l14.pdf): PDF inclusion: multiple p
dfs with page group included in a single page
> <./bottleneck/g15.pdf

pdfTeX warning: pdflatex (file ./bottleneck/g15.pdf): PDF inclusion: multiple p
dfs with page group included in a single page
> <./bottleneck/l15.pdf

pdfTeX warning: pdflatex (file ./bottleneck/l15.pdf): PDF inclusion: multiple p
dfs with page group included in a single page
>]
<bottleneck/g17.pdf, id=293, 246.45854pt x 222.25772pt>
File: bottleneck/g17.pdf Graphic file (type pdf)
<use bottleneck/g17.pdf>
Package pdftex.def Info: bottleneck/g17.pdf  used on input line 238.
(pdftex.def)             Requested size: 147.87625pt x 133.35564pt.
<bottleneck/l17.pdf, id=294, 157.95346pt x 137.04764pt>
File: bottleneck/l17.pdf Graphic file (type pdf)
<use bottleneck/l17.pdf>
Package pdftex.def Info: bottleneck/l17.pdf  used on input line 240.
(pdftex.def)             Requested size: 142.15678pt x 123.34172pt.
<bottleneck/g18.pdf, id=295, 246.45854pt x 222.25772pt>
File: bottleneck/g18.pdf Graphic file (type pdf)
<use bottleneck/g18.pdf>
Package pdftex.def Info: bottleneck/g18.pdf  used on input line 244.
(pdftex.def)             Requested size: 147.87625pt x 133.35564pt.
<bottleneck/l18.pdf, id=296, 135.36906pt x 137.04764pt>
File: bottleneck/l18.pdf Graphic file (type pdf)
<use bottleneck/l18.pdf>
Package pdftex.def Info: bottleneck/l18.pdf  used on input line 246.
(pdftex.def)             Requested size: 121.83101pt x 123.34172pt.
<bottleneck/g19.pdf, id=297, 246.45854pt x 222.25772pt>
File: bottleneck/g19.pdf Graphic file (type pdf)
<use bottleneck/g19.pdf>
Package pdftex.def Info: bottleneck/g19.pdf  used on input line 250.
(pdftex.def)             Requested size: 147.87625pt x 133.35564pt.
<bottleneck/l19.pdf, id=298, 135.36906pt x 137.04764pt>
File: bottleneck/l19.pdf Graphic file (type pdf)
<use bottleneck/l19.pdf>
Package pdftex.def Info: bottleneck/l19.pdf  used on input line 252.
(pdftex.def)             Requested size: 121.83101pt x 123.34172pt.
 [10 <./bottleneck/g16.pdf> <./bottleneck/l16.pdf

pdfTeX warning: pdflatex (file ./bottleneck/l16.pdf): PDF inclusion: multiple p
dfs with page group included in a single page
> <./bottleneck/g17.pdf

pdfTeX warning: pdflatex (file ./bottleneck/g17.pdf): PDF inclusion: multiple p
dfs with page group included in a single page
> <./bottleneck/l17.pdf

pdfTeX warning: pdflatex (file ./bottleneck/l17.pdf): PDF inclusion: multiple p
dfs with page group included in a single page
> <./bottleneck/g18.pdf

pdfTeX warning: pdflatex (file ./bottleneck/g18.pdf): PDF inclusion: multiple p
dfs with page group included in a single page
> <./bottleneck/l18.pdf

pdfTeX warning: pdflatex (file ./bottleneck/l18.pdf): PDF inclusion: multiple p
dfs with page group included in a single page
>]
<bottleneck/g20.pdf, id=334, 246.45854pt x 222.25772pt>
File: bottleneck/g20.pdf Graphic file (type pdf)
<use bottleneck/g20.pdf>
Package pdftex.def Info: bottleneck/g20.pdf  used on input line 256.
(pdftex.def)             Requested size: 147.87625pt x 133.35564pt.
<bottleneck/l20.pdf, id=335, 112.78468pt x 137.04764pt>
File: bottleneck/l20.pdf Graphic file (type pdf)
<use bottleneck/l20.pdf>
Package pdftex.def Info: bottleneck/l20.pdf  used on input line 258.
(pdftex.def)             Requested size: 101.50526pt x 123.34172pt.
<bottleneck/g21.pdf, id=336, 246.45854pt x 222.25772pt>
File: bottleneck/g21.pdf Graphic file (type pdf)
<use bottleneck/g21.pdf>
Package pdftex.def Info: bottleneck/g21.pdf  used on input line 262.
(pdftex.def)             Requested size: 147.87625pt x 133.35564pt.
<bottleneck/l21.pdf, id=337, 112.78468pt x 137.04764pt>
File: bottleneck/l21.pdf Graphic file (type pdf)
<use bottleneck/l21.pdf>
Package pdftex.def Info: bottleneck/l21.pdf  used on input line 264.
(pdftex.def)             Requested size: 101.50526pt x 123.34172pt.
<bottleneck/g22.pdf, id=338, 246.45854pt x 222.25772pt>
File: bottleneck/g22.pdf Graphic file (type pdf)
<use bottleneck/g22.pdf>
Package pdftex.def Info: bottleneck/g22.pdf  used on input line 268.
(pdftex.def)             Requested size: 147.87625pt x 133.35564pt.
<bottleneck/l22.pdf, id=339, 112.78468pt x 137.04764pt>
File: bottleneck/l22.pdf Graphic file (type pdf)
<use bottleneck/l22.pdf>
Package pdftex.def Info: bottleneck/l22.pdf  used on input line 270.
(pdftex.def)             Requested size: 101.50526pt x 123.34172pt.
 [11 <./bottleneck/g19.pdf> <./bottleneck/l19.pdf

pdfTeX warning: pdflatex (file ./bottleneck/l19.pdf): PDF inclusion: multiple p
dfs with page group included in a single page
> <./bottleneck/g20.pdf

pdfTeX warning: pdflatex (file ./bottleneck/g20.pdf): PDF inclusion: multiple p
dfs with page group included in a single page
> <./bottleneck/l20.pdf

pdfTeX warning: pdflatex (file ./bottleneck/l20.pdf): PDF inclusion: multiple p
dfs with page group included in a single page
> <./bottleneck/g21.pdf

pdfTeX warning: pdflatex (file ./bottleneck/g21.pdf): PDF inclusion: multiple p
dfs with page group included in a single page
> <./bottleneck/l21.pdf

pdfTeX warning: pdflatex (file ./bottleneck/l21.pdf): PDF inclusion: multiple p
dfs with page group included in a single page
>]
<bottleneck/g23.pdf, id=374, 246.45854pt x 222.25772pt>
File: bottleneck/g23.pdf Graphic file (type pdf)
<use bottleneck/g23.pdf>
Package pdftex.def Info: bottleneck/g23.pdf  used on input line 274.
(pdftex.def)             Requested size: 147.87625pt x 133.35564pt.
<bottleneck/l23.pdf, id=375, 112.78468pt x 137.04764pt>
File: bottleneck/l23.pdf Graphic file (type pdf)
<use bottleneck/l23.pdf>
Package pdftex.def Info: bottleneck/l23.pdf  used on input line 276.
(pdftex.def)             Requested size: 101.50526pt x 123.34172pt.
 [12 <./bottleneck/g22.pdf> <./bottleneck/l22.pdf

pdfTeX warning: pdflatex (file ./bottleneck/l22.pdf): PDF inclusion: multiple p
dfs with page group included in a single page
> <./bottleneck/g23.pdf

pdfTeX warning: pdflatex (file ./bottleneck/g23.pdf): PDF inclusion: multiple p
dfs with page group included in a single page
> <./bottleneck/l23.pdf

pdfTeX warning: pdflatex (file ./bottleneck/l23.pdf): PDF inclusion: multiple p
dfs with page group included in a single page
>] [13] (./Tarea4_DAA.aux
LaTeX Info: Redefining \. on input line 9.
LaTeX Info: Redefining \% on input line 9.
) ) 
Here is how much of TeX's memory you used:
 5963 strings out of 478287
 96193 string characters out of 5849290
 407436 words of memory out of 5000000
 24050 multiletter control sequences out of 15000+600000
 479439 words of font info for 68 fonts, out of 8000000 for 9000
 1141 hyphenation exceptions out of 8191
 55i,18n,62p,627b,557s stack positions out of 5000i,500n,10000p,200000b,80000s
</usr/share/texlive/texmf-dist/fonts/type1/public/amsfonts/cm/cmbx10.pfb></u
sr/share/texlive/texmf-dist/fonts/type1/public/amsfonts/cm/cmbx12.pfb></usr/sha
re/texlive/texmf-dist/fonts/type1/public/amsfonts/cm/cmbx7.pfb></usr/share/texl
ive/texmf-dist/fonts/type1/public/amsfonts/cm/cmcsc10.pfb></usr/share/texlive/t
exmf-dist/fonts/type1/public/amsfonts/cm/cmmi10.pfb></usr/share/texlive/texmf-d
ist/fonts/type1/public/amsfonts/cm/cmr10.pfb></usr/share/texlive/texmf-dist/fon
ts/type1/public/amsfonts/cm/cmr12.pfb></usr/share/texlive/texmf-dist/fonts/type
1/public/amsfonts/cm/cmr17.pfb></usr/share/texlive/texmf-dist/fonts/type1/publi
c/amsfonts/cm/cmr6.pfb></usr/share/texlive/texmf-dist/fonts/type1/public/amsfon
ts/cm/cmr7.pfb></usr/share/texlive/texmf-dist/fonts/type1/public/amsfonts/cm/cm
r8.pfb></usr/share/texlive/texmf-dist/fonts/type1/public/amsfonts/cm/cmsy10.pfb
></usr/share/texlive/texmf-dist/fonts/type1/public/amsfonts/cm/cmsy7.pfb></usr/
share/texlive/texmf-dist/fonts/type1/public/amsfonts/cm/cmti10.pfb></usr/share/
texlive/texmf-dist/fonts/type1/public/amsfonts/cm/cmti8.pfb></usr/share/texmf/f
onts/type1/public/lm/lmtt10.pfb></usr/share/texlive/texmf-dist/fonts/type1/publ
ic/amsfonts/symbols/msam10.pfb>
Output written on Tarea4_DAA.pdf (13 pages, 422667 bytes).
PDF statistics:
 473 PDF objects out of 1000 (max. 8388607)
 311 compressed objects within 4 object streams
 0 named destinations out of 1000 (max. 500000)
 276 words of extra memory for PDF output out of 10000 (max. 10000000)

